2026-03-16 12:01:57 [main] INFO  c.l.s.SpringbootLoggingApplication - Starting SpringbootLoggingApplication using Java 25 with PID 3381 (/Users/madhav_p/Documents/workspace/spring-boot-projects/springboot-logging/target/classes started by madhav_p in /Users/madhav_p/Documents/workspace/spring-boot-projects/springboot-logging)
2026-03-16 12:01:57 [main] INFO  c.l.s.SpringbootLoggingApplication - No active profile set, falling back to 1 default profile: "default"
2026-03-16 12:01:57 [main] INFO  o.s.b.w.e.tomcat.TomcatWebServer - Tomcat initialized with port 8080 (http)
2026-03-16 12:01:57 [main] INFO  o.a.catalina.core.StandardService - Starting service [Tomcat]
2026-03-16 12:01:57 [main] INFO  o.a.catalina.core.StandardEngine - Starting Servlet engine: [Apache Tomcat/10.1.52]
2026-03-16 12:01:57 [main] INFO  o.a.c.c.C.[Tomcat].[localhost].[/] - Initializing Spring embedded WebApplicationContext
2026-03-16 12:01:57 [main] INFO  o.s.b.w.s.c.ServletWebServerApplicationContext - Root WebApplicationContext: initialization completed in 202 ms
2026-03-16 12:01:57 [main] INFO  o.s.b.w.e.tomcat.TomcatWebServer - Tomcat started on port 8080 (http) with context path '/'
2026-03-16 12:01:57 [main] INFO  c.l.s.SpringbootLoggingApplication - Started SpringbootLoggingApplication in 0.451 seconds (process running for 0.618)
2026-03-16 12:02:43 [SpringApplicationShutdownHook] INFO  o.s.b.w.e.tomcat.GracefulShutdown - Commencing graceful shutdown. Waiting for active requests to complete
2026-03-16 12:02:43 [tomcat-shutdown] INFO  o.s.b.w.e.tomcat.GracefulShutdown - Graceful shutdown complete
2026-03-16 12:03:28 [main] INFO  c.l.s.SpringbootLoggingApplication - Starting SpringbootLoggingApplication using Java 25 with PID 3404 (/Users/madhav_p/Documents/workspace/spring-boot-projects/springboot-logging/target/classes started by madhav_p in /Users/madhav_p/Documents/workspace/spring-boot-projects/springboot-logging)
2026-03-16 12:03:28 [main] INFO  c.l.s.SpringbootLoggingApplication - No active profile set, falling back to 1 default profile: "default"
2026-03-16 12:03:28 [main] INFO  o.s.b.w.e.tomcat.TomcatWebServer - Tomcat initialized with port 8080 (http)
2026-03-16 12:03:28 [main] INFO  o.a.catalina.core.StandardService - Starting service [Tomcat]
2026-03-16 12:03:28 [main] INFO  o.a.catalina.core.StandardEngine - Starting Servlet engine: [Apache Tomcat/10.1.52]
2026-03-16 12:03:28 [main] INFO  o.a.c.c.C.[Tomcat].[localhost].[/] - Initializing Spring embedded WebApplicationContext
2026-03-16 12:03:28 [main] INFO  o.s.b.w.s.c.ServletWebServerApplicationContext - Root WebApplicationContext: initialization completed in 217 ms
2026-03-16 12:03:28 [main] INFO  o.s.b.w.e.tomcat.TomcatWebServer - Tomcat started on port 8080 (http) with context path '/'
2026-03-16 12:03:28 [main] INFO  c.l.s.SpringbootLoggingApplication - Started SpringbootLoggingApplication in 0.464 seconds (process running for 0.662)
2026-03-16 12:03:32 [http-nio-8080-exec-1] INFO  o.a.c.c.C.[Tomcat].[localhost].[/] - Initializing Spring DispatcherServlet 'dispatcherServlet'
2026-03-16 12:03:32 [http-nio-8080-exec-1] INFO  o.s.web.servlet.DispatcherServlet - Initializing Servlet 'dispatcherServlet'
2026-03-16 12:03:32 [http-nio-8080-exec-1] INFO  o.s.web.servlet.DispatcherServlet - Completed initialization in 0 ms
2026-03-16 12:03:32 [http-nio-8080-exec-1] INFO  c.l.s.controller.HelloController - Received request for /hello
2026-03-16 12:04:05 [SpringApplicationShutdownHook] INFO  o.s.b.w.e.tomcat.GracefulShutdown - Commencing graceful shutdown. Waiting for active requests to complete
2026-03-16 12:04:05 [tomcat-shutdown] INFO  o.s.b.w.e.tomcat.GracefulShutdown - Graceful shutdown complete
